<?xml version="1.0" encoding="UTF-8"?>
<testng-results ignored="0" total="3" passed="3" failed="0" skipped="0">
  <reporter-output>
  </reporter-output>
  <suite started-at="2022-02-21T13:35:05 IST" name="Default suite" finished-at="2022-02-21T13:35:09 IST" duration-ms="3496">
    <groups>
    </groups>
    <test started-at="2022-02-21T13:35:05 IST" name="Default test" finished-at="2022-02-21T13:35:09 IST" duration-ms="3496">
      <class name="StepDefinations.Testassertions">
        <test-method signature="passing_values_from_get_method()[pri:0, instance:StepDefinations.Testassertions@1817d444]" started-at="2022-02-21T13:35:05 IST" name="passing_values_from_get_method" finished-at="2022-02-21T13:35:08 IST" duration-ms="2805" status="PASS">
          <reporter-output>
          </reporter-output>
        </test-method> <!-- passing_values_from_get_method -->
        <test-method signature="user_is_on_api()[pri:0, instance:StepDefinations.Testassertions@1817d444]" started-at="2022-02-21T13:35:08 IST" name="user_is_on_api" finished-at="2022-02-21T13:35:08 IST" duration-ms="3" status="PASS">
          <reporter-output>
          </reporter-output>
        </test-method> <!-- user_is_on_api -->
        <test-method signature="validate_response_received()[pri:0, instance:StepDefinations.Testassertions@1817d444]" started-at="2022-02-21T13:35:08 IST" name="validate_response_received" finished-at="2022-02-21T13:35:09 IST" duration-ms="632" status="PASS">
          <reporter-output>
          </reporter-output>
        </test-method> <!-- validate_response_received -->
      </class> <!-- StepDefinations.Testassertions -->
    </test> <!-- Default test -->
  </suite> <!-- Default suite -->
</testng-results>
