<?xml version="1.0" encoding="UTF-8"?>
<!-- Generated by org.testng.reporters.JUnitXMLReporter -->
<testsuite ignored="0" hostname="LAPTOP-TBRVUCQD" failures="0" tests="3" name="Default test" time="3.496" errors="0" timestamp="2022-02-21T13:35:09 IST">
  <testcase classname="StepDefinations.Testassertions" name="passing_values_from_get_method" time="2.805"/>
  <testcase classname="StepDefinations.Testassertions" name="user_is_on_api" time="0.003"/>
  <testcase classname="StepDefinations.Testassertions" name="validate_response_received" time="0.632"/>
</testsuite> <!-- Default test -->
